Analysis & Synthesis report for IIC
Thu Oct 30 20:11:03 2025
Quartus II 64-Bit Version 13.0.1 Build 232 06/12/2013 Service Pack 1 SJ Web Edition


---------------------
; Table of Contents ;
---------------------
  1. Legal Notice
  2. Analysis & Synthesis Summary
  3. Analysis & Synthesis Settings
  4. Parallel Compilation
  5. Analysis & Synthesis Source Files Read
  6. Analysis & Synthesis Resource Usage Summary
  7. Analysis & Synthesis Resource Utilization by Entity
  8. Analysis & Synthesis IP Cores Summary
  9. State Machine - |Bloque_1|IIC:inst5|fstate
 10. Registers Removed During Synthesis
 11. Removed Registers Triggering Further Register Optimizations
 12. General Register Statistics
 13. Parameter Settings for User Entity Instance: lpm_counter0:Contador_mod7|lpm_counter:LPM_COUNTER_component
 14. Parameter Settings for User Entity Instance: lpm_shiftreg0:inst|lpm_shiftreg:LPM_SHIFTREG_component
 15. Parameter Settings for User Entity Instance: lpm_counter1:inst2|lpm_counter:LPM_COUNTER_component
 16. Parameter Settings for User Entity Instance: lpm_compare0:inst4|lpm_compare:LPM_COMPARE_component
 17. Parameter Settings for User Entity Instance: lpm_shiftreg1:inst7|lpm_shiftreg:LPM_SHIFTREG_component
 18. lpm_shiftreg Parameter Settings by Entity Instance
 19. Elapsed Time Per Partition
 20. Analysis & Synthesis Messages



----------------
; Legal Notice ;
----------------
Copyright (C) 1991-2013 Altera Corporation
Your use of Altera Corporation's design tools, logic functions 
and other software and tools, and its AMPP partner logic 
functions, and any output files from any of the foregoing 
(including device programming or simulation files), and any 
associated documentation or information are expressly subject 
to the terms and conditions of the Altera Program License 
Subscription Agreement, Altera MegaCore Function License 
Agreement, or other applicable license agreement, including, 
without limitation, that your use is for the sole purpose of 
programming logic devices manufactured by Altera and sold by 
Altera or its authorized distributors.  Please refer to the 
applicable agreement for further details.



+--------------------------------------------------------------------------------------+
; Analysis & Synthesis Summary                                                         ;
+------------------------------------+-------------------------------------------------+
; Analysis & Synthesis Status        ; Successful - Thu Oct 30 20:11:03 2025           ;
; Quartus II 64-Bit Version          ; 13.0.1 Build 232 06/12/2013 SP 1 SJ Web Edition ;
; Revision Name                      ; IIC                                             ;
; Top-level Entity Name              ; Bloque_1                                        ;
; Family                             ; Cyclone III                                     ;
; Total logic elements               ; 0                                               ;
;     Total combinational functions  ; 0                                               ;
;     Dedicated logic registers      ; 0                                               ;
; Total registers                    ; 0                                               ;
; Total pins                         ; 6                                               ;
; Total virtual pins                 ; 0                                               ;
; Total memory bits                  ; 0                                               ;
; Embedded Multiplier 9-bit elements ; 0                                               ;
; Total PLLs                         ; 0                                               ;
+------------------------------------+-------------------------------------------------+


+----------------------------------------------------------------------------------------------------------------------+
; Analysis & Synthesis Settings                                                                                        ;
+----------------------------------------------------------------------------+--------------------+--------------------+
; Option                                                                     ; Setting            ; Default Value      ;
+----------------------------------------------------------------------------+--------------------+--------------------+
; Device                                                                     ; EP3C120F780C7      ;                    ;
; Top-level entity name                                                      ; Bloque_1           ; IIC                ;
; Family name                                                                ; Cyclone III        ; Cyclone IV GX      ;
; Use smart compilation                                                      ; Off                ; Off                ;
; Enable parallel Assembler and TimeQuest Timing Analyzer during compilation ; On                 ; On                 ;
; Enable compact report table                                                ; Off                ; Off                ;
; Restructure Multiplexers                                                   ; Auto               ; Auto               ;
; Create Debugging Nodes for IP Cores                                        ; Off                ; Off                ;
; Preserve fewer node names                                                  ; On                 ; On                 ;
; Disable OpenCore Plus hardware evaluation                                  ; Off                ; Off                ;
; Verilog Version                                                            ; Verilog_2001       ; Verilog_2001       ;
; VHDL Version                                                               ; VHDL_1993          ; VHDL_1993          ;
; State Machine Processing                                                   ; Auto               ; Auto               ;
; Safe State Machine                                                         ; Off                ; Off                ;
; Extract Verilog State Machines                                             ; On                 ; On                 ;
; Extract VHDL State Machines                                                ; On                 ; On                 ;
; Ignore Verilog initial constructs                                          ; Off                ; Off                ;
; Iteration limit for constant Verilog loops                                 ; 5000               ; 5000               ;
; Iteration limit for non-constant Verilog loops                             ; 250                ; 250                ;
; Add Pass-Through Logic to Inferred RAMs                                    ; On                 ; On                 ;
; Infer RAMs from Raw Logic                                                  ; On                 ; On                 ;
; Parallel Synthesis                                                         ; On                 ; On                 ;
; DSP Block Balancing                                                        ; Auto               ; Auto               ;
; NOT Gate Push-Back                                                         ; On                 ; On                 ;
; Power-Up Don't Care                                                        ; On                 ; On                 ;
; Remove Redundant Logic Cells                                               ; Off                ; Off                ;
; Remove Duplicate Registers                                                 ; On                 ; On                 ;
; Ignore CARRY Buffers                                                       ; Off                ; Off                ;
; Ignore CASCADE Buffers                                                     ; Off                ; Off                ;
; Ignore GLOBAL Buffers                                                      ; Off                ; Off                ;
; Ignore ROW GLOBAL Buffers                                                  ; Off                ; Off                ;
; Ignore LCELL Buffers                                                       ; Off                ; Off                ;
; Ignore SOFT Buffers                                                        ; On                 ; On                 ;
; Limit AHDL Integers to 32 Bits                                             ; Off                ; Off                ;
; Optimization Technique                                                     ; Balanced           ; Balanced           ;
; Carry Chain Length                                                         ; 70                 ; 70                 ;
; Auto Carry Chains                                                          ; On                 ; On                 ;
; Auto Open-Drain Pins                                                       ; On                 ; On                 ;
; Perform WYSIWYG Primitive Resynthesis                                      ; Off                ; Off                ;
; Auto ROM Replacement                                                       ; On                 ; On                 ;
; Auto RAM Replacement                                                       ; On                 ; On                 ;
; Auto DSP Block Replacement                                                 ; On                 ; On                 ;
; Auto Shift Register Replacement                                            ; Auto               ; Auto               ;
; Allow Shift Register Merging across Hierarchies                            ; Auto               ; Auto               ;
; Auto Clock Enable Replacement                                              ; On                 ; On                 ;
; Strict RAM Replacement                                                     ; Off                ; Off                ;
; Allow Synchronous Control Signals                                          ; On                 ; On                 ;
; Force Use of Synchronous Clear Signals                                     ; Off                ; Off                ;
; Auto RAM Block Balancing                                                   ; On                 ; On                 ;
; Auto RAM to Logic Cell Conversion                                          ; Off                ; Off                ;
; Auto Resource Sharing                                                      ; Off                ; Off                ;
; Allow Any RAM Size For Recognition                                         ; Off                ; Off                ;
; Allow Any ROM Size For Recognition                                         ; Off                ; Off                ;
; Allow Any Shift Register Size For Recognition                              ; Off                ; Off                ;
; Use LogicLock Constraints during Resource Balancing                        ; On                 ; On                 ;
; Ignore translate_off and synthesis_off directives                          ; Off                ; Off                ;
; Timing-Driven Synthesis                                                    ; On                 ; On                 ;
; Report Parameter Settings                                                  ; On                 ; On                 ;
; Report Source Assignments                                                  ; On                 ; On                 ;
; Report Connectivity Checks                                                 ; On                 ; On                 ;
; Ignore Maximum Fan-Out Assignments                                         ; Off                ; Off                ;
; Synchronization Register Chain Length                                      ; 2                  ; 2                  ;
; PowerPlay Power Optimization                                               ; Normal compilation ; Normal compilation ;
; HDL message level                                                          ; Level2             ; Level2             ;
; Suppress Register Optimization Related Messages                            ; Off                ; Off                ;
; Number of Removed Registers Reported in Synthesis Report                   ; 5000               ; 5000               ;
; Number of Swept Nodes Reported in Synthesis Report                         ; 5000               ; 5000               ;
; Number of Inverted Registers Reported in Synthesis Report                  ; 100                ; 100                ;
; Clock MUX Protection                                                       ; On                 ; On                 ;
; Auto Gated Clock Conversion                                                ; Off                ; Off                ;
; Block Design Naming                                                        ; Auto               ; Auto               ;
; SDC constraint protection                                                  ; Off                ; Off                ;
; Synthesis Effort                                                           ; Auto               ; Auto               ;
; Shift Register Replacement - Allow Asynchronous Clear Signal               ; On                 ; On                 ;
; Pre-Mapping Resynthesis Optimization                                       ; Off                ; Off                ;
; Analysis & Synthesis Message Level                                         ; Medium             ; Medium             ;
; Disable Register Merging Across Hierarchies                                ; Auto               ; Auto               ;
; Resource Aware Inference For Block RAM                                     ; On                 ; On                 ;
; Synthesis Seed                                                             ; 1                  ; 1                  ;
+----------------------------------------------------------------------------+--------------------+--------------------+


Parallel compilation was disabled, but you have multiple processors available. Enable parallel compilation to reduce compilation time.
+-------------------------------------+
; Parallel Compilation                ;
+----------------------------+--------+
; Processors                 ; Number ;
+----------------------------+--------+
; Number detected on machine ; 4      ;
; Maximum allowed            ; 1      ;
+----------------------------+--------+


+-------------------------------------------------------------------------------------------------------------------------------------------------------------------------------+
; Analysis & Synthesis Source Files Read                                                                                                                                        ;
+----------------------------------+-----------------+------------------------------------+---------------------------------------------------------------------------+---------+
; File Name with User-Entered Path ; Used in Netlist ; File Type                          ; File Name with Absolute Path                                              ; Library ;
+----------------------------------+-----------------+------------------------------------+---------------------------------------------------------------------------+---------+
; IIC.vhd                          ; yes             ; User VHDL File                     ; C:/Users/nicol/Desktop/FPGA - Nahuel García/Parte F/IIC.vhd               ;         ;
; lpm_counter0.vhd                 ; yes             ; User Wizard-Generated File         ; C:/Users/nicol/Desktop/FPGA - Nahuel García/Parte F/lpm_counter0.vhd      ;         ;
; lpm_shiftreg0.vhd                ; yes             ; User Wizard-Generated File         ; C:/Users/nicol/Desktop/FPGA - Nahuel García/Parte F/lpm_shiftreg0.vhd     ;         ;
; lpm_compare0.vhd                 ; yes             ; User Wizard-Generated File         ; C:/Users/nicol/Desktop/FPGA - Nahuel García/Parte F/lpm_compare0.vhd      ;         ;
; Bloque_1.bdf                     ; yes             ; User Block Diagram/Schematic File  ; C:/Users/nicol/Desktop/FPGA - Nahuel García/Parte F/Bloque_1.bdf          ;         ;
; Direccion.vhd                    ; yes             ; User VHDL File                     ; C:/Users/nicol/Desktop/FPGA - Nahuel García/Parte F/Direccion.vhd         ;         ;
; lpm_shiftreg1.vhd                ; yes             ; User Wizard-Generated File         ; C:/Users/nicol/Desktop/FPGA - Nahuel García/Parte F/lpm_shiftreg1.vhd     ;         ;
; lpm_counter1.vhd                 ; yes             ; User Wizard-Generated File         ; C:/Users/nicol/Desktop/FPGA - Nahuel García/Parte F/lpm_counter1.vhd      ;         ;
; lpm_counter.tdf                  ; yes             ; Megafunction                       ; c:/altera/13.0sp1/quartus/libraries/megafunctions/lpm_counter.tdf         ;         ;
; lpm_constant.inc                 ; yes             ; Megafunction                       ; c:/altera/13.0sp1/quartus/libraries/megafunctions/lpm_constant.inc        ;         ;
; lpm_decode.inc                   ; yes             ; Megafunction                       ; c:/altera/13.0sp1/quartus/libraries/megafunctions/lpm_decode.inc          ;         ;
; lpm_add_sub.inc                  ; yes             ; Megafunction                       ; c:/altera/13.0sp1/quartus/libraries/megafunctions/lpm_add_sub.inc         ;         ;
; cmpconst.inc                     ; yes             ; Megafunction                       ; c:/altera/13.0sp1/quartus/libraries/megafunctions/cmpconst.inc            ;         ;
; lpm_compare.inc                  ; yes             ; Megafunction                       ; c:/altera/13.0sp1/quartus/libraries/megafunctions/lpm_compare.inc         ;         ;
; lpm_counter.inc                  ; yes             ; Megafunction                       ; c:/altera/13.0sp1/quartus/libraries/megafunctions/lpm_counter.inc         ;         ;
; dffeea.inc                       ; yes             ; Megafunction                       ; c:/altera/13.0sp1/quartus/libraries/megafunctions/dffeea.inc              ;         ;
; alt_counter_stratix.inc          ; yes             ; Megafunction                       ; c:/altera/13.0sp1/quartus/libraries/megafunctions/alt_counter_stratix.inc ;         ;
; aglobal130.inc                   ; yes             ; Megafunction                       ; c:/altera/13.0sp1/quartus/libraries/megafunctions/aglobal130.inc          ;         ;
; db/cntr_0hj.tdf                  ; yes             ; Auto-Generated Megafunction        ; C:/Users/nicol/Desktop/FPGA - Nahuel García/Parte F/db/cntr_0hj.tdf       ;         ;
; db/cmpr_gfc.tdf                  ; yes             ; Auto-Generated Megafunction        ; C:/Users/nicol/Desktop/FPGA - Nahuel García/Parte F/db/cmpr_gfc.tdf       ;         ;
; lpm_shiftreg.tdf                 ; yes             ; Megafunction                       ; c:/altera/13.0sp1/quartus/libraries/megafunctions/lpm_shiftreg.tdf        ;         ;
; db/cntr_r6i.tdf                  ; yes             ; Auto-Generated Megafunction        ; C:/Users/nicol/Desktop/FPGA - Nahuel García/Parte F/db/cntr_r6i.tdf       ;         ;
; lpm_compare.tdf                  ; yes             ; Megafunction                       ; c:/altera/13.0sp1/quartus/libraries/megafunctions/lpm_compare.tdf         ;         ;
; comptree.inc                     ; yes             ; Megafunction                       ; c:/altera/13.0sp1/quartus/libraries/megafunctions/comptree.inc            ;         ;
; altshift.inc                     ; yes             ; Megafunction                       ; c:/altera/13.0sp1/quartus/libraries/megafunctions/altshift.inc            ;         ;
; db/cmpr_lkg.tdf                  ; yes             ; Auto-Generated Megafunction        ; C:/Users/nicol/Desktop/FPGA - Nahuel García/Parte F/db/cmpr_lkg.tdf       ;         ;
+----------------------------------+-----------------+------------------------------------+---------------------------------------------------------------------------+---------+


+-----------------------------------------------------+
; Analysis & Synthesis Resource Usage Summary         ;
+---------------------------------------------+-------+
; Resource                                    ; Usage ;
+---------------------------------------------+-------+
;                                             ;       ;
; Total combinational functions               ; 0     ;
; Logic element usage by number of LUT inputs ;       ;
;     -- 4 input functions                    ; 0     ;
;     -- 3 input functions                    ; 0     ;
;     -- <=2 input functions                  ; 0     ;
;                                             ;       ;
; Logic elements by mode                      ;       ;
;     -- normal mode                          ; 0     ;
;     -- arithmetic mode                      ; 0     ;
;                                             ;       ;
; Total registers                             ; 0     ;
;     -- Dedicated logic registers            ; 0     ;
;     -- I/O registers                        ; 0     ;
;                                             ;       ;
; I/O pins                                    ; 6     ;
; Embedded Multiplier 9-bit elements          ; 0     ;
; Maximum fan-out node                        ; sda   ;
; Maximum fan-out                             ; 1     ;
; Total fan-out                               ; 6     ;
; Average fan-out                             ; 0.50  ;
+---------------------------------------------+-------+


+-----------------------------------------------------------------------------------------------------------------------------------------------------------------------------+
; Analysis & Synthesis Resource Utilization by Entity                                                                                                                         ;
+----------------------------+-------------------+--------------+-------------+--------------+---------+-----------+------+--------------+---------------------+--------------+
; Compilation Hierarchy Node ; LC Combinationals ; LC Registers ; Memory Bits ; DSP Elements ; DSP 9x9 ; DSP 18x18 ; Pins ; Virtual Pins ; Full Hierarchy Name ; Library Name ;
+----------------------------+-------------------+--------------+-------------+--------------+---------+-----------+------+--------------+---------------------+--------------+
; |Bloque_1                  ; 0 (0)             ; 0 (0)        ; 0           ; 0            ; 0       ; 0         ; 6    ; 0            ; |Bloque_1           ; work         ;
+----------------------------+-------------------+--------------+-------------+--------------+---------+-----------+------+--------------+---------------------+--------------+
Note: For table entries with two numbers listed, the numbers in parentheses indicate the number of resources of the given type used by the specific entity alone. The numbers listed outside of parentheses indicate the total resources of the given type used by the specific entity and all of its sub-entities in the hierarchy.


+------------------------------------------------------------------------------------------------------------------------------------------------------------------------------+
; Analysis & Synthesis IP Cores Summary                                                                                                                                        ;
+--------+--------------+---------+--------------+--------------+--------------------------------------+-----------------------------------------------------------------------+
; Vendor ; IP Core Name ; Version ; Release Date ; License Type ; Entity Instance                      ; IP Include File                                                       ;
+--------+--------------+---------+--------------+--------------+--------------------------------------+-----------------------------------------------------------------------+
; Altera ; LPM_COUNTER  ; 13.0    ; N/A          ; N/A          ; |Bloque_1|lpm_counter0:Contador_mod7 ; C:/Users/nicol/Desktop/FPGA - Nahuel García/Parte F/lpm_counter0.vhd  ;
; Altera ; LPM_SHIFTREG ; 13.0    ; N/A          ; N/A          ; |Bloque_1|lpm_shiftreg0:inst         ; C:/Users/nicol/Desktop/FPGA - Nahuel García/Parte F/lpm_shiftreg0.vhd ;
; Altera ; LPM_COUNTER  ; 13.0    ; N/A          ; N/A          ; |Bloque_1|lpm_counter1:inst2         ; C:/Users/nicol/Desktop/FPGA - Nahuel García/Parte F/lpm_counter1.vhd  ;
; Altera ; LPM_COMPARE  ; 13.0    ; N/A          ; N/A          ; |Bloque_1|lpm_compare0:inst4         ; C:/Users/nicol/Desktop/FPGA - Nahuel García/Parte F/lpm_compare0.vhd  ;
; Altera ; LPM_SHIFTREG ; 13.0    ; N/A          ; N/A          ; |Bloque_1|lpm_shiftreg1:inst7        ; C:/Users/nicol/Desktop/FPGA - Nahuel García/Parte F/lpm_shiftreg1.vhd ;
+--------+--------------+---------+--------------+--------------+--------------------------------------+-----------------------------------------------------------------------+


Encoding Type:  One-Hot
+----------------------------------------------------------------------------------------------------------+
; State Machine - |Bloque_1|IIC:inst5|fstate                                                               ;
+--------------------+--------------------+--------------+------------+-------------------+----------------+
; Name               ; fstate.Guarda_dato ; fstate.A_C_K ; fstate.R_W ; fstate.Guarda_dir ; fstate.Oscioso ;
+--------------------+--------------------+--------------+------------+-------------------+----------------+
; fstate.Oscioso     ; 0                  ; 0            ; 0          ; 0                 ; 0              ;
; fstate.Guarda_dir  ; 0                  ; 0            ; 0          ; 1                 ; 1              ;
; fstate.R_W         ; 0                  ; 0            ; 1          ; 0                 ; 1              ;
; fstate.A_C_K       ; 0                  ; 1            ; 0          ; 0                 ; 1              ;
; fstate.Guarda_dato ; 1                  ; 0            ; 0          ; 0                 ; 1              ;
+--------------------+--------------------+--------------+------------+-------------------+----------------+


+--------------------------------------------------------------------------------------------------------------------------------+
; Registers Removed During Synthesis                                                                                             ;
+-----------------------------------------------------------------------------------------------------------+--------------------+
; Register name                                                                                             ; Reason for Removal ;
+-----------------------------------------------------------------------------------------------------------+--------------------+
; lpm_shiftreg0:inst|lpm_shiftreg:LPM_SHIFTREG_component|dffs[0..6]                                         ; Lost fanout        ;
; lpm_counter0:Contador_mod7|lpm_counter:LPM_COUNTER_component|cntr_0hj:auto_generated|counter_reg_bit[1,2] ; Lost fanout        ;
; lpm_counter1:inst2|lpm_counter:LPM_COUNTER_component|cntr_r6i:auto_generated|counter_reg_bit[0..2]        ; Lost fanout        ;
; lpm_counter0:Contador_mod7|lpm_counter:LPM_COUNTER_component|cntr_0hj:auto_generated|counter_reg_bit[0]   ; Lost fanout        ;
; IIC:inst5|fstate.Oscioso                                                                                  ; Lost fanout        ;
; IIC:inst5|fstate.Guarda_dir                                                                               ; Lost fanout        ;
; IIC:inst5|fstate.R_W                                                                                      ; Lost fanout        ;
; IIC:inst5|fstate.A_C_K                                                                                    ; Lost fanout        ;
; IIC:inst5|fstate.Guarda_dato                                                                              ; Lost fanout        ;
; Total Number of Removed Registers = 18                                                                    ;                    ;
+-----------------------------------------------------------------------------------------------------------+--------------------+


+-----------------------------------------------------------------------------------------------------------------------------------------------------------------------------------------------------------------------------------------+
; Removed Registers Triggering Further Register Optimizations                                                                                                                                                                             ;
+---------------------------------------------------------------------------------------------------------+--------------------+----------------------------------------------------------------------------------------------------------+
; Register name                                                                                           ; Reason for Removal ; Registers Removed due to This Register                                                                   ;
+---------------------------------------------------------------------------------------------------------+--------------------+----------------------------------------------------------------------------------------------------------+
; lpm_shiftreg0:inst|lpm_shiftreg:LPM_SHIFTREG_component|dffs[6]                                          ; Lost Fanouts       ; lpm_shiftreg0:inst|lpm_shiftreg:LPM_SHIFTREG_component|dffs[5],                                          ;
;                                                                                                         ;                    ; lpm_shiftreg0:inst|lpm_shiftreg:LPM_SHIFTREG_component|dffs[4],                                          ;
;                                                                                                         ;                    ; lpm_shiftreg0:inst|lpm_shiftreg:LPM_SHIFTREG_component|dffs[3],                                          ;
;                                                                                                         ;                    ; lpm_shiftreg0:inst|lpm_shiftreg:LPM_SHIFTREG_component|dffs[2],                                          ;
;                                                                                                         ;                    ; lpm_shiftreg0:inst|lpm_shiftreg:LPM_SHIFTREG_component|dffs[1],                                          ;
;                                                                                                         ;                    ; lpm_shiftreg0:inst|lpm_shiftreg:LPM_SHIFTREG_component|dffs[0]                                           ;
; lpm_counter0:Contador_mod7|lpm_counter:LPM_COUNTER_component|cntr_0hj:auto_generated|counter_reg_bit[2] ; Lost Fanouts       ; lpm_counter0:Contador_mod7|lpm_counter:LPM_COUNTER_component|cntr_0hj:auto_generated|counter_reg_bit[1], ;
;                                                                                                         ;                    ; lpm_counter0:Contador_mod7|lpm_counter:LPM_COUNTER_component|cntr_0hj:auto_generated|counter_reg_bit[0]  ;
; lpm_counter1:inst2|lpm_counter:LPM_COUNTER_component|cntr_r6i:auto_generated|counter_reg_bit[2]         ; Lost Fanouts       ; lpm_counter1:inst2|lpm_counter:LPM_COUNTER_component|cntr_r6i:auto_generated|counter_reg_bit[1],         ;
;                                                                                                         ;                    ; lpm_counter1:inst2|lpm_counter:LPM_COUNTER_component|cntr_r6i:auto_generated|counter_reg_bit[0]          ;
+---------------------------------------------------------------------------------------------------------+--------------------+----------------------------------------------------------------------------------------------------------+


+------------------------------------------------------+
; General Register Statistics                          ;
+----------------------------------------------+-------+
; Statistic                                    ; Value ;
+----------------------------------------------+-------+
; Total registers                              ; 0     ;
; Number of registers using Synchronous Clear  ; 0     ;
; Number of registers using Synchronous Load   ; 0     ;
; Number of registers using Asynchronous Clear ; 0     ;
; Number of registers using Asynchronous Load  ; 0     ;
; Number of registers using Clock Enable       ; 0     ;
; Number of registers using Preset             ; 0     ;
+----------------------------------------------+-------+


+-----------------------------------------------------------------------------------------------------------+
; Parameter Settings for User Entity Instance: lpm_counter0:Contador_mod7|lpm_counter:LPM_COUNTER_component ;
+------------------------+-------------+--------------------------------------------------------------------+
; Parameter Name         ; Value       ; Type                                                               ;
+------------------------+-------------+--------------------------------------------------------------------+
; AUTO_CARRY_CHAINS      ; ON          ; AUTO_CARRY                                                         ;
; IGNORE_CARRY_BUFFERS   ; OFF         ; IGNORE_CARRY                                                       ;
; AUTO_CASCADE_CHAINS    ; ON          ; AUTO_CASCADE                                                       ;
; IGNORE_CASCADE_BUFFERS ; OFF         ; IGNORE_CASCADE                                                     ;
; LPM_WIDTH              ; 3           ; Signed Integer                                                     ;
; LPM_DIRECTION          ; UP          ; Untyped                                                            ;
; LPM_MODULUS            ; 7           ; Signed Integer                                                     ;
; LPM_AVALUE             ; UNUSED      ; Untyped                                                            ;
; LPM_SVALUE             ; UNUSED      ; Untyped                                                            ;
; LPM_PORT_UPDOWN        ; PORT_UNUSED ; Untyped                                                            ;
; DEVICE_FAMILY          ; Cyclone III ; Untyped                                                            ;
; CARRY_CHAIN            ; MANUAL      ; Untyped                                                            ;
; CARRY_CHAIN_LENGTH     ; 48          ; CARRY_CHAIN_LENGTH                                                 ;
; NOT_GATE_PUSH_BACK     ; ON          ; NOT_GATE_PUSH_BACK                                                 ;
; CARRY_CNT_EN           ; SMART       ; Untyped                                                            ;
; LABWIDE_SCLR           ; ON          ; Untyped                                                            ;
; USE_NEW_VERSION        ; TRUE        ; Untyped                                                            ;
; CBXI_PARAMETER         ; cntr_0hj    ; Untyped                                                            ;
+------------------------+-------------+--------------------------------------------------------------------+
Note: In order to hide this table in the UI and the text report file, please set the "Show Parameter Settings in Synthesis Report" option in "Analysis and Synthesis Settings -> More Settings" to "Off".


+-----------------------------------------------------------------------------------------------------+
; Parameter Settings for User Entity Instance: lpm_shiftreg0:inst|lpm_shiftreg:LPM_SHIFTREG_component ;
+------------------------+-------------+--------------------------------------------------------------+
; Parameter Name         ; Value       ; Type                                                         ;
+------------------------+-------------+--------------------------------------------------------------+
; LPM_WIDTH              ; 8           ; Signed Integer                                               ;
; LPM_DIRECTION          ; LEFT        ; Untyped                                                      ;
; LPM_AVALUE             ; UNUSED      ; Untyped                                                      ;
; LPM_SVALUE             ; UNUSED      ; Untyped                                                      ;
; DEVICE_FAMILY          ; Cyclone III ; Untyped                                                      ;
; AUTO_CARRY_CHAINS      ; ON          ; AUTO_CARRY                                                   ;
; IGNORE_CARRY_BUFFERS   ; OFF         ; IGNORE_CARRY                                                 ;
; AUTO_CASCADE_CHAINS    ; ON          ; AUTO_CASCADE                                                 ;
; IGNORE_CASCADE_BUFFERS ; OFF         ; IGNORE_CASCADE                                               ;
+------------------------+-------------+--------------------------------------------------------------+
Note: In order to hide this table in the UI and the text report file, please set the "Show Parameter Settings in Synthesis Report" option in "Analysis and Synthesis Settings -> More Settings" to "Off".


+---------------------------------------------------------------------------------------------------+
; Parameter Settings for User Entity Instance: lpm_counter1:inst2|lpm_counter:LPM_COUNTER_component ;
+------------------------+-------------+------------------------------------------------------------+
; Parameter Name         ; Value       ; Type                                                       ;
+------------------------+-------------+------------------------------------------------------------+
; AUTO_CARRY_CHAINS      ; ON          ; AUTO_CARRY                                                 ;
; IGNORE_CARRY_BUFFERS   ; OFF         ; IGNORE_CARRY                                               ;
; AUTO_CASCADE_CHAINS    ; ON          ; AUTO_CASCADE                                               ;
; IGNORE_CASCADE_BUFFERS ; OFF         ; IGNORE_CASCADE                                             ;
; LPM_WIDTH              ; 3           ; Signed Integer                                             ;
; LPM_DIRECTION          ; UP          ; Untyped                                                    ;
; LPM_MODULUS            ; 0           ; Untyped                                                    ;
; LPM_AVALUE             ; UNUSED      ; Untyped                                                    ;
; LPM_SVALUE             ; UNUSED      ; Untyped                                                    ;
; LPM_PORT_UPDOWN        ; PORT_UNUSED ; Untyped                                                    ;
; DEVICE_FAMILY          ; Cyclone III ; Untyped                                                    ;
; CARRY_CHAIN            ; MANUAL      ; Untyped                                                    ;
; CARRY_CHAIN_LENGTH     ; 48          ; CARRY_CHAIN_LENGTH                                         ;
; NOT_GATE_PUSH_BACK     ; ON          ; NOT_GATE_PUSH_BACK                                         ;
; CARRY_CNT_EN           ; SMART       ; Untyped                                                    ;
; LABWIDE_SCLR           ; ON          ; Untyped                                                    ;
; USE_NEW_VERSION        ; TRUE        ; Untyped                                                    ;
; CBXI_PARAMETER         ; cntr_r6i    ; Untyped                                                    ;
+------------------------+-------------+------------------------------------------------------------+
Note: In order to hide this table in the UI and the text report file, please set the "Show Parameter Settings in Synthesis Report" option in "Analysis and Synthesis Settings -> More Settings" to "Off".


+---------------------------------------------------------------------------------------------------+
; Parameter Settings for User Entity Instance: lpm_compare0:inst4|lpm_compare:LPM_COMPARE_component ;
+------------------------+-------------+------------------------------------------------------------+
; Parameter Name         ; Value       ; Type                                                       ;
+------------------------+-------------+------------------------------------------------------------+
; lpm_width              ; 7           ; Signed Integer                                             ;
; LPM_REPRESENTATION     ; UNSIGNED    ; Untyped                                                    ;
; LPM_PIPELINE           ; 0           ; Untyped                                                    ;
; CHAIN_SIZE             ; 8           ; Untyped                                                    ;
; ONE_INPUT_IS_CONSTANT  ; NO          ; Untyped                                                    ;
; CARRY_CHAIN            ; MANUAL      ; Untyped                                                    ;
; CASCADE_CHAIN          ; MANUAL      ; Untyped                                                    ;
; CARRY_CHAIN_LENGTH     ; 48          ; CARRY_CHAIN_LENGTH                                         ;
; CASCADE_CHAIN_LENGTH   ; 2           ; CASCADE_CHAIN_LENGTH                                       ;
; DEVICE_FAMILY          ; Cyclone III ; Untyped                                                    ;
; CBXI_PARAMETER         ; cmpr_lkg    ; Untyped                                                    ;
; AUTO_CARRY_CHAINS      ; ON          ; AUTO_CARRY                                                 ;
; IGNORE_CARRY_BUFFERS   ; OFF         ; IGNORE_CARRY                                               ;
; AUTO_CASCADE_CHAINS    ; ON          ; AUTO_CASCADE                                               ;
; IGNORE_CASCADE_BUFFERS ; OFF         ; IGNORE_CASCADE                                             ;
+------------------------+-------------+------------------------------------------------------------+
Note: In order to hide this table in the UI and the text report file, please set the "Show Parameter Settings in Synthesis Report" option in "Analysis and Synthesis Settings -> More Settings" to "Off".


+------------------------------------------------------------------------------------------------------+
; Parameter Settings for User Entity Instance: lpm_shiftreg1:inst7|lpm_shiftreg:LPM_SHIFTREG_component ;
+------------------------+-------------+---------------------------------------------------------------+
; Parameter Name         ; Value       ; Type                                                          ;
+------------------------+-------------+---------------------------------------------------------------+
; LPM_WIDTH              ; 8           ; Signed Integer                                                ;
; LPM_DIRECTION          ; LEFT        ; Untyped                                                       ;
; LPM_AVALUE             ; UNUSED      ; Untyped                                                       ;
; LPM_SVALUE             ; UNUSED      ; Untyped                                                       ;
; DEVICE_FAMILY          ; Cyclone III ; Untyped                                                       ;
; AUTO_CARRY_CHAINS      ; ON          ; AUTO_CARRY                                                    ;
; IGNORE_CARRY_BUFFERS   ; OFF         ; IGNORE_CARRY                                                  ;
; AUTO_CASCADE_CHAINS    ; ON          ; AUTO_CASCADE                                                  ;
; IGNORE_CASCADE_BUFFERS ; OFF         ; IGNORE_CASCADE                                                ;
+------------------------+-------------+---------------------------------------------------------------+
Note: In order to hide this table in the UI and the text report file, please set the "Show Parameter Settings in Synthesis Report" option in "Analysis and Synthesis Settings -> More Settings" to "Off".


+--------------------------------------------------------------------------------------+
; lpm_shiftreg Parameter Settings by Entity Instance                                   ;
+----------------------------+---------------------------------------------------------+
; Name                       ; Value                                                   ;
+----------------------------+---------------------------------------------------------+
; Number of entity instances ; 2                                                       ;
; Entity Instance            ; lpm_shiftreg0:inst|lpm_shiftreg:LPM_SHIFTREG_component  ;
;     -- LPM_WIDTH           ; 8                                                       ;
;     -- LPM_DIRECTION       ; LEFT                                                    ;
; Entity Instance            ; lpm_shiftreg1:inst7|lpm_shiftreg:LPM_SHIFTREG_component ;
;     -- LPM_WIDTH           ; 8                                                       ;
;     -- LPM_DIRECTION       ; LEFT                                                    ;
+----------------------------+---------------------------------------------------------+


+-------------------------------+
; Elapsed Time Per Partition    ;
+----------------+--------------+
; Partition Name ; Elapsed Time ;
+----------------+--------------+
; Top            ; 00:00:00     ;
+----------------+--------------+


+-------------------------------+
; Analysis & Synthesis Messages ;
+-------------------------------+
Info: *******************************************************************
Info: Running Quartus II 64-Bit Analysis & Synthesis
    Info: Version 13.0.1 Build 232 06/12/2013 Service Pack 1 SJ Web Edition
    Info: Processing started: Thu Oct 30 20:10:55 2025
Info: Command: quartus_map --read_settings_files=on --write_settings_files=off IIC -c IIC
Warning (20028): Parallel compilation is not licensed and has been disabled
Info (12021): Found 2 design units, including 1 entities, in source file iic.vhd
    Info (12022): Found design unit 1: IIC-BEHAVIOR
    Info (12023): Found entity 1: IIC
Info (12021): Found 2 design units, including 1 entities, in source file lpm_counter0.vhd
    Info (12022): Found design unit 1: lpm_counter0-SYN
    Info (12023): Found entity 1: lpm_counter0
Info (12021): Found 2 design units, including 1 entities, in source file lpm_shiftreg0.vhd
    Info (12022): Found design unit 1: lpm_shiftreg0-SYN
    Info (12023): Found entity 1: lpm_shiftreg0
Info (12021): Found 2 design units, including 1 entities, in source file lpm_compare0.vhd
    Info (12022): Found design unit 1: lpm_compare0-SYN
    Info (12023): Found entity 1: lpm_compare0
Info (12021): Found 1 design units, including 1 entities, in source file bloque_1.bdf
    Info (12023): Found entity 1: Bloque_1
Info (12021): Found 2 design units, including 1 entities, in source file direccion.vhd
    Info (12022): Found design unit 1: direccion-comportamiento
    Info (12023): Found entity 1: direccion
Info (12021): Found 2 design units, including 1 entities, in source file lpm_shiftreg1.vhd
    Info (12022): Found design unit 1: lpm_shiftreg1-SYN
    Info (12023): Found entity 1: lpm_shiftreg1
Info (12021): Found 2 design units, including 1 entities, in source file lpm_counter1.vhd
    Info (12022): Found design unit 1: lpm_counter1-SYN
    Info (12023): Found entity 1: lpm_counter1
Info (12127): Elaborating entity "Bloque_1" for the top level hierarchy
Info (12128): Elaborating entity "lpm_counter0" for hierarchy "lpm_counter0:Contador_mod7"
Info (12128): Elaborating entity "lpm_counter" for hierarchy "lpm_counter0:Contador_mod7|lpm_counter:LPM_COUNTER_component"
Info (12130): Elaborated megafunction instantiation "lpm_counter0:Contador_mod7|lpm_counter:LPM_COUNTER_component"
Info (12133): Instantiated megafunction "lpm_counter0:Contador_mod7|lpm_counter:LPM_COUNTER_component" with the following parameter:
    Info (12134): Parameter "lpm_direction" = "UP"
    Info (12134): Parameter "lpm_modulus" = "7"
    Info (12134): Parameter "lpm_port_updown" = "PORT_UNUSED"
    Info (12134): Parameter "lpm_type" = "LPM_COUNTER"
    Info (12134): Parameter "lpm_width" = "3"
Info (12021): Found 1 design units, including 1 entities, in source file db/cntr_0hj.tdf
    Info (12023): Found entity 1: cntr_0hj
Info (12128): Elaborating entity "cntr_0hj" for hierarchy "lpm_counter0:Contador_mod7|lpm_counter:LPM_COUNTER_component|cntr_0hj:auto_generated"
Info (12021): Found 1 design units, including 1 entities, in source file db/cmpr_gfc.tdf
    Info (12023): Found entity 1: cmpr_gfc
Info (12128): Elaborating entity "cmpr_gfc" for hierarchy "lpm_counter0:Contador_mod7|lpm_counter:LPM_COUNTER_component|cntr_0hj:auto_generated|cmpr_gfc:cmpr2"
Info (12128): Elaborating entity "lpm_shiftreg0" for hierarchy "lpm_shiftreg0:inst"
Info (12128): Elaborating entity "lpm_shiftreg" for hierarchy "lpm_shiftreg0:inst|lpm_shiftreg:LPM_SHIFTREG_component"
Info (12130): Elaborated megafunction instantiation "lpm_shiftreg0:inst|lpm_shiftreg:LPM_SHIFTREG_component"
Info (12133): Instantiated megafunction "lpm_shiftreg0:inst|lpm_shiftreg:LPM_SHIFTREG_component" with the following parameter:
    Info (12134): Parameter "lpm_direction" = "LEFT"
    Info (12134): Parameter "lpm_type" = "LPM_SHIFTREG"
    Info (12134): Parameter "lpm_width" = "8"
Info (12128): Elaborating entity "direccion" for hierarchy "direccion:inst1"
Info (12128): Elaborating entity "lpm_counter1" for hierarchy "lpm_counter1:inst2"
Info (12128): Elaborating entity "lpm_counter" for hierarchy "lpm_counter1:inst2|lpm_counter:LPM_COUNTER_component"
Info (12130): Elaborated megafunction instantiation "lpm_counter1:inst2|lpm_counter:LPM_COUNTER_component"
Info (12133): Instantiated megafunction "lpm_counter1:inst2|lpm_counter:LPM_COUNTER_component" with the following parameter:
    Info (12134): Parameter "lpm_direction" = "UP"
    Info (12134): Parameter "lpm_port_updown" = "PORT_UNUSED"
    Info (12134): Parameter "lpm_type" = "LPM_COUNTER"
    Info (12134): Parameter "lpm_width" = "3"
Info (12021): Found 1 design units, including 1 entities, in source file db/cntr_r6i.tdf
    Info (12023): Found entity 1: cntr_r6i
Info (12128): Elaborating entity "cntr_r6i" for hierarchy "lpm_counter1:inst2|lpm_counter:LPM_COUNTER_component|cntr_r6i:auto_generated"
Info (12128): Elaborating entity "lpm_compare0" for hierarchy "lpm_compare0:inst4"
Info (12128): Elaborating entity "lpm_compare" for hierarchy "lpm_compare0:inst4|lpm_compare:LPM_COMPARE_component"
Info (12130): Elaborated megafunction instantiation "lpm_compare0:inst4|lpm_compare:LPM_COMPARE_component"
Info (12133): Instantiated megafunction "lpm_compare0:inst4|lpm_compare:LPM_COMPARE_component" with the following parameter:
    Info (12134): Parameter "lpm_representation" = "UNSIGNED"
    Info (12134): Parameter "lpm_type" = "LPM_COMPARE"
    Info (12134): Parameter "lpm_width" = "7"
Info (12021): Found 1 design units, including 1 entities, in source file db/cmpr_lkg.tdf
    Info (12023): Found entity 1: cmpr_lkg
Info (12128): Elaborating entity "cmpr_lkg" for hierarchy "lpm_compare0:inst4|lpm_compare:LPM_COMPARE_component|cmpr_lkg:auto_generated"
Info (12128): Elaborating entity "IIC" for hierarchy "IIC:inst5"
Info (12128): Elaborating entity "lpm_shiftreg1" for hierarchy "lpm_shiftreg1:inst7"
Info (17049): 18 registers lost all their fanouts during netlist optimizations.
Info (16010): Generating hard_block partition "hard_block:auto_generated_inst"
    Info (16011): Adding 0 node(s), including 0 DDIO, 0 PLL, 0 transceiver and 0 LCELL
Warning (21074): Design contains 6 input pin(s) that do not drive logic
    Warning (15610): No output dependent on input pin "sda"
    Warning (15610): No output dependent on input pin "clock"
    Warning (15610): No output dependent on input pin "hab_dir"
    Warning (15610): No output dependent on input pin "scl"
    Warning (15610): No output dependent on input pin "hab_dat"
    Warning (15610): No output dependent on input pin "scl2"
Info (21057): Implemented 6 device resources after synthesis - the final resource count might be different
    Info (21058): Implemented 6 input pins
    Info (21059): Implemented 0 output pins
Info: Quartus II 64-Bit Analysis & Synthesis was successful. 0 errors, 8 warnings
    Info: Peak virtual memory: 4640 megabytes
    Info: Processing ended: Thu Oct 30 20:11:03 2025
    Info: Elapsed time: 00:00:08
    Info: Total CPU time (on all processors): 00:00:06


